  [1m[36m (150.0ms)[0m  [1mCREATE TABLE "schema_migrations" ("version" varchar NOT NULL) [0m
  [1m[35m (20.0ms)[0m  select sqlite_version(*)
  [1m[36m (110.0ms)[0m  [1mCREATE UNIQUE INDEX "unique_schema_migrations" ON "schema_migrations" ("version")[0m
  [1m[35mActiveRecord::SchemaMigration Load (0.0ms)[0m  SELECT "schema_migrations".* FROM "schema_migrations"
Migrating to CreateRooms (20150510175923)
  [1m[36m (0.0ms)[0m  [1mbegin transaction[0m
  [1m[35m (0.0ms)[0m  CREATE TABLE "rooms" ("id" INTEGER PRIMARY KEY AUTOINCREMENT NOT NULL, "title" varchar, "description" text, "beds" integer, "guests" integer, "created_at" datetime NOT NULL, "updated_at" datetime NOT NULL) 
  [1m[36mSQL (0.0ms)[0m  [1mINSERT INTO "schema_migrations" ("version") VALUES (?)[0m  [["version", "20150510175923"]]
  [1m[35m (122.0ms)[0m  commit transaction
Migrating to AddImageUrlToRooms (20150510183516)
  [1m[36m (0.0ms)[0m  [1mbegin transaction[0m
  [1m[35m (1.0ms)[0m  ALTER TABLE "rooms" ADD "image_url" varchar
  [1m[36mSQL (0.0ms)[0m  [1mINSERT INTO "schema_migrations" ("version") VALUES (?)[0m  [["version", "20150510183516"]]
  [1m[35m (71.0ms)[0m  commit transaction
  [1m[36mActiveRecord::SchemaMigration Load (0.0ms)[0m  [1mSELECT "schema_migrations".* FROM "schema_migrations"[0m
  [1m[36mActiveRecord::SchemaMigration Load (0.0ms)[0m  [1mSELECT "schema_migrations".* FROM "schema_migrations"[0m
  [1m[35m (0.0ms)[0m  begin transaction
  [1m[36mSQL (10.0ms)[0m  [1mINSERT INTO "rooms" ("title", "description", "image_url", "beds", "guests", "created_at", "updated_at") VALUES (?, ?, ?, ?, ?, ?, ?)[0m  [["title", "Studio apt in the heart of Chelsea!"], ["description", "My modern and cozy studio apartment with an open kitchen floor plan has everything you need for a comfortable stay. It is located on a quiet side street steps away from tons of restaurants, bars and transportation. Very convenient!"], ["image_url", "https://a0.muscache.com/ic/pictures/71697005/ab9aaf15_original.jpg?interpolation=lanczos-none&size=xx_large&output-format=jpg&output-quality=70"], ["beds", 1], ["guests", 2], ["created_at", "2016-01-14 17:22:52.472639"], ["updated_at", "2016-01-14 17:22:52.472639"]]
  [1m[35m (100.0ms)[0m  commit transaction
  [1m[36m (0.0ms)[0m  [1mbegin transaction[0m
  [1m[35mSQL (0.0ms)[0m  INSERT INTO "rooms" ("title", "description", "image_url", "beds", "guests", "created_at", "updated_at") VALUES (?, ?, ?, ?, ?, ?, ?)  [["title", "Penthouse Studio East 50s Terrace"], ["description", "This is a fully furnished short term studio apartment in an elevator building on the 6th floor in the heart of midtown Manhattan. Close to all major subway lines- E, M & 6, major landmarks & shopping, 5 star hotels, restaurants & bars, lively area, its the perfect location to explore the city."], ["image_url", "https://a2.muscache.com/ic/pictures/22904553/d336a559_original.jpg?interpolation=lanczos-none&size=xx_large&output-format=jpg&output-quality=70"], ["beds", 2], ["guests", 4], ["created_at", "2016-01-14 17:22:52.582639"], ["updated_at", "2016-01-14 17:22:52.582639"]]
  [1m[36m (100.0ms)[0m  [1mcommit transaction[0m
  [1m[35m (0.0ms)[0m  begin transaction
  [1m[36mSQL (0.0ms)[0m  [1mINSERT INTO "rooms" ("title", "description", "image_url", "beds", "guests", "created_at", "updated_at") VALUES (?, ?, ?, ?, ?, ?, ?)[0m  [["title", "Roof Access Room Greenwich Village"], ["description", "Great location Greenwich village, walk to shopping, restaurants, NYU, subway and Washington Square Park. Bedroom with window and closet. Updated kitchen and bath. Hardwood floorst. Rooftop access for smokers. Apartment is a 6 story walkup (no elevator) apartment is on top floor and you must walk up."], ["image_url", "https://a1.muscache.com/ic/pictures/65749838/8748c743_original.jpg?interpolation=lanczos-none&size=xx_large&output-format=jpg&output-quality=70"], ["beds", 1], ["guests", 2], ["created_at", "2016-01-14 17:22:52.682639"], ["updated_at", "2016-01-14 17:22:52.682639"]]
  [1m[35m (90.0ms)[0m  commit transaction


Started GET "/" for ::1 at 2016-01-14 12:52:12 -0500
  [1m[36mActiveRecord::SchemaMigration Load (0.0ms)[0m  [1mSELECT "schema_migrations".* FROM "schema_migrations"[0m
Processing by Rails::WelcomeController#index as HTML
  Rendered c:/RailsInstaller/Ruby2.1.0/lib/ruby/gems/2.1.0/gems/railties-4.2.0/lib/rails/templates/rails/welcome/index.html.erb (5.0ms)
Completed 200 OK in 82ms (Views: 62.0ms | ActiveRecord: 0.0ms)


Started GET "/rooms" for ::1 at 2016-01-14 12:52:17 -0500
Processing by RoomsController#index as HTML
  [1m[35mRoom Load (0.0ms)[0m  SELECT "rooms".* FROM "rooms"
  Rendered rooms/index.html.erb within layouts/application (9.0ms)
Completed 200 OK in 6112ms (Views: 6109.4ms | ActiveRecord: 0.0ms)


Started GET "/assets/application.self-b4944bc713689a95e39dce2979724151960ca12c77045dee7733d6e316f3b6cc.css?body=1" for ::1 at 2016-01-14 12:52:23 -0500


Started GET "/assets/bootstrap/affix.self-68d1a5161d04ca9fe1b9d9f4114d9426c7798bf90f2703a97aca35c8113469bb.js?body=1" for ::1 at 2016-01-14 12:52:23 -0500


Started GET "/assets/bootstrap/alert.self-15ce09eba576e56db3edfd87accc0ff48823df915169e350b4fd97290f96aee1.js?body=1" for ::1 at 2016-01-14 12:52:23 -0500


Started GET "/assets/bootstrap/button.self-37c62bff1d75f86f3348b8679873d5156d8b9938b62841038dca21690f4740f1.js?body=1" for ::1 at 2016-01-14 12:52:23 -0500


Started GET "/assets/bootstrap/carousel.self-9aaab1a477b9c1156bab751cb8da47f77dace6da88eef8ae830e60f3cff3a8be.js?body=1" for ::1 at 2016-01-14 12:52:23 -0500


Started GET "/assets/bootstrap/collapse.self-eeece00cd06a3d7cc071ab7845b549d4991edd0f0895e4be70fe40bac2fb5f4b.js?body=1" for ::1 at 2016-01-14 12:52:23 -0500


Started GET "/assets/bootstrap/scrollspy.self-5ea180afe4404f83fc97d997833f2edefd34475b0b5ddab310e27abc2bbd5f2f.js?body=1" for ::1 at 2016-01-14 12:52:23 -0500


Started GET "/assets/bootstrap/modal.self-f2759e138605770e60526c00c6d86cbb3378da203641f9d6b204c9f0192b9267.js?body=1" for ::1 at 2016-01-14 12:52:23 -0500


Started GET "/assets/bootstrap/dropdown.self-a3998e7ca949c04cb86b5c635deb0abcc7a24dc02e81be66b8acfef02d811e45.js?body=1" for ::1 at 2016-01-14 12:52:23 -0500


Started GET "/assets/bootstrap/tab.self-e1bba7115c90301056ee94c4716de2fcbe4498015def2dab9ff9879f339bd245.js?body=1" for ::1 at 2016-01-14 12:52:23 -0500


Started GET "/assets/bootstrap/transition.self-7742dca5e6acf313fbb217811b48468282cddf1a9baea5c89ec92e367ef242cb.js?body=1" for ::1 at 2016-01-14 12:52:23 -0500


Started GET "/assets/bootstrap/tooltip.self-c3b5c16f394ab9c0391db4431aac4f2d2ddf1bba4c5d3228ed343de05ecc8e83.js?body=1" for ::1 at 2016-01-14 12:52:23 -0500


Started GET "/assets/bootstrap/popover.self-2674d99c3ab0415dba0b958a80b3840f70ff6368b155d890306c0291be49453b.js?body=1" for ::1 at 2016-01-14 12:52:23 -0500


Started GET "/assets/rooms.self-877aef30ae1b040ab8a3aba4e3e309a11d7f2612f44dde450b5c157aa5f95c05.js?body=1" for ::1 at 2016-01-14 12:52:23 -0500


Started GET "/assets/application.self-f98a0dd27ad1c55b2b9cfe97296d4887e5d4a4535b3bbbf9130c1050771738b2.js?body=1" for ::1 at 2016-01-14 12:52:23 -0500


Started GET "/assets/bootstrap/glyphicons-halflings-regular-fe185d11a49676890d47bb783312a0cda5a44c4039214094e7957b4c040ef11c.woff2" for ::1 at 2016-01-14 12:52:24 -0500


Started GET "/rooms/new" for ::1 at 2016-01-14 12:53:04 -0500
Processing by RoomsController#new as HTML
  Rendered rooms/_form.html.erb (80.0ms)
  Rendered rooms/new.html.erb within layouts/application (183.0ms)
Completed 200 OK in 376ms (Views: 376.0ms | ActiveRecord: 0.0ms)


Started GET "/rooms/new" for ::1 at 2016-01-14 13:57:46 -0500
  [1m[36mActiveRecord::SchemaMigration Load (0.0ms)[0m  [1mSELECT "schema_migrations".* FROM "schema_migrations"[0m
Processing by RoomsController#new as HTML
  Rendered rooms/_form.html.erb (38.0ms)
  Rendered rooms/new.html.erb within layouts/application (50.0ms)
Completed 200 OK in 583ms (Views: 555.0ms | ActiveRecord: 0.0ms)


Started GET "/assets/jquery_ujs.self-8e98a7a072a6cee1372d19fff9ff3e6aa1e39a37d89d6f06861637d061113ee7.js?body=1" for ::1 at 2016-01-14 13:57:47 -0500


Started GET "/assets/bootstrap/affix.self-68d1a5161d04ca9fe1b9d9f4114d9426c7798bf90f2703a97aca35c8113469bb.js?body=1" for ::1 at 2016-01-14 13:57:47 -0500


Started GET "/assets/jquery.self-d03a5518f45df77341bdbe6201ba3bfa547ebba8ed64f0ea56bfa5f96ea7c074.js?body=1" for 127.0.0.1 at 2016-01-14 13:57:47 -0500


Started GET "/assets/bootstrap/alert.self-15ce09eba576e56db3edfd87accc0ff48823df915169e350b4fd97290f96aee1.js?body=1" for ::1 at 2016-01-14 13:57:47 -0500


Started GET "/assets/application.self-b4944bc713689a95e39dce2979724151960ca12c77045dee7733d6e316f3b6cc.css?body=1" for ::1 at 2016-01-14 13:57:47 -0500


Started GET "/assets/bootstrap/button.self-37c62bff1d75f86f3348b8679873d5156d8b9938b62841038dca21690f4740f1.js?body=1" for ::1 at 2016-01-14 13:57:48 -0500


Started GET "/assets/bootstrap/carousel.self-9aaab1a477b9c1156bab751cb8da47f77dace6da88eef8ae830e60f3cff3a8be.js?body=1" for ::1 at 2016-01-14 13:57:48 -0500


Started GET "/assets/bootstrap/collapse.self-eeece00cd06a3d7cc071ab7845b549d4991edd0f0895e4be70fe40bac2fb5f4b.js?body=1" for ::1 at 2016-01-14 13:57:48 -0500


Started GET "/assets/bootstrap/dropdown.self-a3998e7ca949c04cb86b5c635deb0abcc7a24dc02e81be66b8acfef02d811e45.js?body=1" for 127.0.0.1 at 2016-01-14 13:57:48 -0500


Started GET "/assets/bootstrap/modal.self-f2759e138605770e60526c00c6d86cbb3378da203641f9d6b204c9f0192b9267.js?body=1" for ::1 at 2016-01-14 13:57:48 -0500


Started GET "/assets/bootstrap/scrollspy.self-5ea180afe4404f83fc97d997833f2edefd34475b0b5ddab310e27abc2bbd5f2f.js?body=1" for ::1 at 2016-01-14 13:57:48 -0500


Started GET "/assets/bootstrap/tab.self-e1bba7115c90301056ee94c4716de2fcbe4498015def2dab9ff9879f339bd245.js?body=1" for ::1 at 2016-01-14 13:57:48 -0500


Started GET "/assets/bootstrap/transition.self-7742dca5e6acf313fbb217811b48468282cddf1a9baea5c89ec92e367ef242cb.js?body=1" for ::1 at 2016-01-14 13:57:48 -0500


Started GET "/assets/bootstrap/tooltip.self-c3b5c16f394ab9c0391db4431aac4f2d2ddf1bba4c5d3228ed343de05ecc8e83.js?body=1" for ::1 at 2016-01-14 13:57:48 -0500


Started GET "/assets/bootstrap/popover.self-2674d99c3ab0415dba0b958a80b3840f70ff6368b155d890306c0291be49453b.js?body=1" for 127.0.0.1 at 2016-01-14 13:57:48 -0500


Started GET "/assets/bootstrap-sprockets.self-fbfa5ad7d9aa0afe439ec4ff3883acc4cb92b62cb67c40d674320c9aa1d4642d.js?body=1" for ::1 at 2016-01-14 13:57:48 -0500


Started GET "/assets/turbolinks.self-c37727e9bd6b2735da5c311aa83fead54ed0be6cc8bd9a65309e9c5abe2cbfff.js?body=1" for ::1 at 2016-01-14 13:57:48 -0500


Started GET "/assets/rooms.self-877aef30ae1b040ab8a3aba4e3e309a11d7f2612f44dde450b5c157aa5f95c05.js?body=1" for ::1 at 2016-01-14 13:57:48 -0500


Started GET "/assets/application.self-f98a0dd27ad1c55b2b9cfe97296d4887e5d4a4535b3bbbf9130c1050771738b2.js?body=1" for ::1 at 2016-01-14 13:57:48 -0500


Started GET "/rooms/new" for ::1 at 2016-01-14 13:57:50 -0500
Processing by RoomsController#new as HTML
  Rendered rooms/_form.html.erb (1.0ms)
  Rendered rooms/new.html.erb within layouts/application (2.0ms)
Completed 200 OK in 247ms (Views: 247.0ms | ActiveRecord: 0.0ms)


Started GET "/assets/bootstrap/alert.self-15ce09eba576e56db3edfd87accc0ff48823df915169e350b4fd97290f96aee1.js?body=1" for 127.0.0.1 at 2016-01-14 13:57:50 -0500


Started GET "/assets/application.self-b4944bc713689a95e39dce2979724151960ca12c77045dee7733d6e316f3b6cc.css?body=1" for ::1 at 2016-01-14 13:57:50 -0500


Started GET "/assets/jquery.self-d03a5518f45df77341bdbe6201ba3bfa547ebba8ed64f0ea56bfa5f96ea7c074.js?body=1" for ::1 at 2016-01-14 13:57:50 -0500


Started GET "/assets/bootstrap/button.self-37c62bff1d75f86f3348b8679873d5156d8b9938b62841038dca21690f4740f1.js?body=1" for ::1 at 2016-01-14 13:57:50 -0500


Started GET "/assets/bootstrap/affix.self-68d1a5161d04ca9fe1b9d9f4114d9426c7798bf90f2703a97aca35c8113469bb.js?body=1" for ::1 at 2016-01-14 13:57:50 -0500


Started GET "/assets/jquery_ujs.self-8e98a7a072a6cee1372d19fff9ff3e6aa1e39a37d89d6f06861637d061113ee7.js?body=1" for ::1 at 2016-01-14 13:57:50 -0500


Started GET "/assets/bootstrap/carousel.self-9aaab1a477b9c1156bab751cb8da47f77dace6da88eef8ae830e60f3cff3a8be.js?body=1" for 127.0.0.1 at 2016-01-14 13:57:50 -0500


Started GET "/assets/bootstrap/collapse.self-eeece00cd06a3d7cc071ab7845b549d4991edd0f0895e4be70fe40bac2fb5f4b.js?body=1" for ::1 at 2016-01-14 13:57:50 -0500


Started GET "/assets/bootstrap/dropdown.self-a3998e7ca949c04cb86b5c635deb0abcc7a24dc02e81be66b8acfef02d811e45.js?body=1" for ::1 at 2016-01-14 13:57:50 -0500


Started GET "/assets/bootstrap/modal.self-f2759e138605770e60526c00c6d86cbb3378da203641f9d6b204c9f0192b9267.js?body=1" for ::1 at 2016-01-14 13:57:50 -0500


Started GET "/assets/bootstrap/scrollspy.self-5ea180afe4404f83fc97d997833f2edefd34475b0b5ddab310e27abc2bbd5f2f.js?body=1" for ::1 at 2016-01-14 13:57:50 -0500


Started GET "/assets/bootstrap/tab.self-e1bba7115c90301056ee94c4716de2fcbe4498015def2dab9ff9879f339bd245.js?body=1" for ::1 at 2016-01-14 13:57:50 -0500


Started GET "/assets/bootstrap/transition.self-7742dca5e6acf313fbb217811b48468282cddf1a9baea5c89ec92e367ef242cb.js?body=1" for 127.0.0.1 at 2016-01-14 13:57:50 -0500


Started GET "/assets/bootstrap/tooltip.self-c3b5c16f394ab9c0391db4431aac4f2d2ddf1bba4c5d3228ed343de05ecc8e83.js?body=1" for ::1 at 2016-01-14 13:57:50 -0500


Started GET "/assets/bootstrap/popover.self-2674d99c3ab0415dba0b958a80b3840f70ff6368b155d890306c0291be49453b.js?body=1" for ::1 at 2016-01-14 13:57:50 -0500


Started GET "/assets/bootstrap-sprockets.self-fbfa5ad7d9aa0afe439ec4ff3883acc4cb92b62cb67c40d674320c9aa1d4642d.js?body=1" for ::1 at 2016-01-14 13:57:50 -0500


Started GET "/assets/rooms.self-877aef30ae1b040ab8a3aba4e3e309a11d7f2612f44dde450b5c157aa5f95c05.js?body=1" for ::1 at 2016-01-14 13:57:50 -0500


Started GET "/assets/turbolinks.self-c37727e9bd6b2735da5c311aa83fead54ed0be6cc8bd9a65309e9c5abe2cbfff.js?body=1" for ::1 at 2016-01-14 13:57:50 -0500


Started GET "/assets/application.self-f98a0dd27ad1c55b2b9cfe97296d4887e5d4a4535b3bbbf9130c1050771738b2.js?body=1" for 127.0.0.1 at 2016-01-14 13:57:50 -0500


Started POST "/rooms" for 127.0.0.1 at 2016-01-14 13:57:53 -0500
Processing by RoomsController#create as HTML
  Parameters: {"utf8"=>"✓", "authenticity_token"=>"Rp0Wui1dS88f6u3VITCW6Cva9yQWYqOfgWc1TKsrZ8OMl2moHi9+pmAMJ/TMIn0UIyvEfuSM7iAb7jB1zLPZNg==", "room"=>{"title"=>"", "description"=>"", "beds"=>"", "guests"=>"", "image_url"=>""}, "commit"=>"Crear Habitación"}
  [1m[35m (0.0ms)[0m  begin transaction
  [1m[36mSQL (26.0ms)[0m  [1mINSERT INTO "rooms" ("title", "description", "image_url", "created_at", "updated_at") VALUES (?, ?, ?, ?, ?)[0m  [["title", ""], ["description", ""], ["image_url", ""], ["created_at", "2016-01-14 18:57:53.097831"], ["updated_at", "2016-01-14 18:57:53.097831"]]
  [1m[35m (144.0ms)[0m  commit transaction
Redirected to http://localhost:3000/rooms
Completed 302 Found in 183ms (ActiveRecord: 170.0ms)


Started GET "/rooms" for 127.0.0.1 at 2016-01-14 13:57:53 -0500
Processing by RoomsController#index as HTML
  [1m[36mRoom Load (0.0ms)[0m  [1mSELECT "rooms".* FROM "rooms"[0m
  Rendered rooms/index.html.erb within layouts/application (4.0ms)
Completed 200 OK in 217ms (Views: 217.0ms | ActiveRecord: 0.0ms)


Started GET "/assets/bootstrap/glyphicons-halflings-regular-fe185d11a49676890d47bb783312a0cda5a44c4039214094e7957b4c040ef11c.woff2" for 127.0.0.1 at 2016-01-14 13:57:53 -0500


Started GET "/rooms/new" for 127.0.0.1 at 2016-01-14 13:58:03 -0500
Processing by RoomsController#new as HTML
  Rendered rooms/_form.html.erb (1.0ms)
  Rendered rooms/new.html.erb within layouts/application (4.0ms)
Completed 200 OK in 236ms (Views: 236.0ms | ActiveRecord: 0.0ms)


Started GET "/rooms/new" for 127.0.0.1 at 2016-01-14 13:58:21 -0500
Processing by RoomsController#new as HTML
  Rendered rooms/_form.html.erb (1.0ms)
  Rendered rooms/new.html.erb within layouts/application (4.0ms)
Completed 200 OK in 233ms (Views: 226.0ms | ActiveRecord: 0.0ms)


Started GET "/assets/application.self-b4944bc713689a95e39dce2979724151960ca12c77045dee7733d6e316f3b6cc.css?body=1" for 127.0.0.1 at 2016-01-14 13:58:21 -0500


Started GET "/assets/jquery.self-d03a5518f45df77341bdbe6201ba3bfa547ebba8ed64f0ea56bfa5f96ea7c074.js?body=1" for ::1 at 2016-01-14 13:58:21 -0500


Started GET "/assets/jquery_ujs.self-8e98a7a072a6cee1372d19fff9ff3e6aa1e39a37d89d6f06861637d061113ee7.js?body=1" for ::1 at 2016-01-14 13:58:21 -0500


Started GET "/assets/bootstrap/carousel.self-9aaab1a477b9c1156bab751cb8da47f77dace6da88eef8ae830e60f3cff3a8be.js?body=1" for 127.0.0.1 at 2016-01-14 13:58:21 -0500


Started GET "/assets/bootstrap/affix.self-68d1a5161d04ca9fe1b9d9f4114d9426c7798bf90f2703a97aca35c8113469bb.js?body=1" for ::1 at 2016-01-14 13:58:21 -0500


Started GET "/assets/bootstrap/collapse.self-eeece00cd06a3d7cc071ab7845b549d4991edd0f0895e4be70fe40bac2fb5f4b.js?body=1" for ::1 at 2016-01-14 13:58:21 -0500


Started GET "/assets/bootstrap/alert.self-15ce09eba576e56db3edfd87accc0ff48823df915169e350b4fd97290f96aee1.js?body=1" for ::1 at 2016-01-14 13:58:21 -0500


Started GET "/assets/bootstrap/button.self-37c62bff1d75f86f3348b8679873d5156d8b9938b62841038dca21690f4740f1.js?body=1" for ::1 at 2016-01-14 13:58:21 -0500


Started GET "/assets/bootstrap/dropdown.self-a3998e7ca949c04cb86b5c635deb0abcc7a24dc02e81be66b8acfef02d811e45.js?body=1" for ::1 at 2016-01-14 13:58:21 -0500


Started GET "/assets/bootstrap/modal.self-f2759e138605770e60526c00c6d86cbb3378da203641f9d6b204c9f0192b9267.js?body=1" for 127.0.0.1 at 2016-01-14 13:58:21 -0500


Started GET "/assets/bootstrap/scrollspy.self-5ea180afe4404f83fc97d997833f2edefd34475b0b5ddab310e27abc2bbd5f2f.js?body=1" for ::1 at 2016-01-14 13:58:21 -0500


Started GET "/assets/bootstrap/tab.self-e1bba7115c90301056ee94c4716de2fcbe4498015def2dab9ff9879f339bd245.js?body=1" for ::1 at 2016-01-14 13:58:21 -0500


Started GET "/assets/bootstrap/transition.self-7742dca5e6acf313fbb217811b48468282cddf1a9baea5c89ec92e367ef242cb.js?body=1" for ::1 at 2016-01-14 13:58:21 -0500


Started GET "/assets/bootstrap/tooltip.self-c3b5c16f394ab9c0391db4431aac4f2d2ddf1bba4c5d3228ed343de05ecc8e83.js?body=1" for ::1 at 2016-01-14 13:58:21 -0500


Started GET "/assets/bootstrap/popover.self-2674d99c3ab0415dba0b958a80b3840f70ff6368b155d890306c0291be49453b.js?body=1" for ::1 at 2016-01-14 13:58:21 -0500


Started GET "/assets/bootstrap-sprockets.self-fbfa5ad7d9aa0afe439ec4ff3883acc4cb92b62cb67c40d674320c9aa1d4642d.js?body=1" for 127.0.0.1 at 2016-01-14 13:58:21 -0500


Started GET "/assets/turbolinks.self-c37727e9bd6b2735da5c311aa83fead54ed0be6cc8bd9a65309e9c5abe2cbfff.js?body=1" for ::1 at 2016-01-14 13:58:21 -0500


Started GET "/assets/rooms.self-877aef30ae1b040ab8a3aba4e3e309a11d7f2612f44dde450b5c157aa5f95c05.js?body=1" for ::1 at 2016-01-14 13:58:21 -0500


Started GET "/assets/application.self-f98a0dd27ad1c55b2b9cfe97296d4887e5d4a4535b3bbbf9130c1050771738b2.js?body=1" for ::1 at 2016-01-14 13:58:21 -0500


Started POST "/rooms" for ::1 at 2016-01-14 13:58:35 -0500
Processing by RoomsController#create as HTML
  Parameters: {"utf8"=>"✓", "authenticity_token"=>"opGDjFSQcFdNXxqGiHEuRvNpGItgs8qLB8HLbadB1ipom/yeZ+JFPjK50KdlY8W6+5gr0ZJdhzSdSM5UwNlo3w==", "room"=>{"title"=>"", "description"=>"", "beds"=>"", "guests"=>"", "image_url"=>""}, "commit"=>"Crear Habitación"}
  [1m[35m (0.0ms)[0m  begin transaction
  [1m[36m (0.0ms)[0m  [1mrollback transaction[0m
  Rendered rooms/_form.html.erb (2.0ms)
  Rendered rooms/new.html.erb within layouts/application (3.0ms)
Completed 200 OK in 297ms (Views: 225.0ms | ActiveRecord: 0.0ms)


Started POST "/rooms" for ::1 at 2016-01-14 14:04:44 -0500
Processing by RoomsController#create as HTML
  Parameters: {"utf8"=>"✓", "authenticity_token"=>"opGDjFSQcFdNXxqGiHEuRvNpGItgs8qLB8HLbadB1ipom/yeZ+JFPjK50KdlY8W6+5gr0ZJdhzSdSM5UwNlo3w==", "room"=>{"title"=>"", "description"=>"", "beds"=>"", "guests"=>"", "image_url"=>""}, "commit"=>"Crear Habitación"}
  [1m[35m (0.0ms)[0m  begin transaction
  [1m[36m (0.0ms)[0m  [1mrollback transaction[0m
  Rendered rooms/_form.html.erb (4.0ms)
  Rendered rooms/new.html.erb within layouts/application (6.0ms)
Completed 200 OK in 262ms (Views: 242.0ms | ActiveRecord: 2.0ms)


Started GET "/assets/application.self-b4944bc713689a95e39dce2979724151960ca12c77045dee7733d6e316f3b6cc.css?body=1" for ::1 at 2016-01-14 14:04:44 -0500


Started GET "/assets/bootstrap/alert.self-15ce09eba576e56db3edfd87accc0ff48823df915169e350b4fd97290f96aee1.js?body=1" for ::1 at 2016-01-14 14:04:44 -0500


Started GET "/assets/bootstrap/button.self-37c62bff1d75f86f3348b8679873d5156d8b9938b62841038dca21690f4740f1.js?body=1" for ::1 at 2016-01-14 14:04:44 -0500


Started GET "/assets/jquery.self-d03a5518f45df77341bdbe6201ba3bfa547ebba8ed64f0ea56bfa5f96ea7c074.js?body=1" for ::1 at 2016-01-14 14:04:44 -0500


Started GET "/assets/jquery_ujs.self-8e98a7a072a6cee1372d19fff9ff3e6aa1e39a37d89d6f06861637d061113ee7.js?body=1" for ::1 at 2016-01-14 14:04:44 -0500


Started GET "/assets/bootstrap/affix.self-68d1a5161d04ca9fe1b9d9f4114d9426c7798bf90f2703a97aca35c8113469bb.js?body=1" for ::1 at 2016-01-14 14:04:44 -0500


Started GET "/assets/bootstrap/carousel.self-9aaab1a477b9c1156bab751cb8da47f77dace6da88eef8ae830e60f3cff3a8be.js?body=1" for ::1 at 2016-01-14 14:04:44 -0500


Started GET "/assets/bootstrap/collapse.self-eeece00cd06a3d7cc071ab7845b549d4991edd0f0895e4be70fe40bac2fb5f4b.js?body=1" for ::1 at 2016-01-14 14:04:44 -0500


Started GET "/assets/bootstrap/dropdown.self-a3998e7ca949c04cb86b5c635deb0abcc7a24dc02e81be66b8acfef02d811e45.js?body=1" for ::1 at 2016-01-14 14:04:44 -0500


Started GET "/assets/bootstrap/modal.self-f2759e138605770e60526c00c6d86cbb3378da203641f9d6b204c9f0192b9267.js?body=1" for ::1 at 2016-01-14 14:04:44 -0500


Started GET "/assets/bootstrap/scrollspy.self-5ea180afe4404f83fc97d997833f2edefd34475b0b5ddab310e27abc2bbd5f2f.js?body=1" for ::1 at 2016-01-14 14:04:44 -0500


Started GET "/assets/bootstrap/tab.self-e1bba7115c90301056ee94c4716de2fcbe4498015def2dab9ff9879f339bd245.js?body=1" for ::1 at 2016-01-14 14:04:44 -0500


Started GET "/assets/bootstrap/transition.self-7742dca5e6acf313fbb217811b48468282cddf1a9baea5c89ec92e367ef242cb.js?body=1" for ::1 at 2016-01-14 14:04:44 -0500


Started GET "/assets/bootstrap/tooltip.self-c3b5c16f394ab9c0391db4431aac4f2d2ddf1bba4c5d3228ed343de05ecc8e83.js?body=1" for ::1 at 2016-01-14 14:04:45 -0500


Started GET "/assets/bootstrap/popover.self-2674d99c3ab0415dba0b958a80b3840f70ff6368b155d890306c0291be49453b.js?body=1" for ::1 at 2016-01-14 14:04:45 -0500


Started GET "/assets/bootstrap-sprockets.self-fbfa5ad7d9aa0afe439ec4ff3883acc4cb92b62cb67c40d674320c9aa1d4642d.js?body=1" for ::1 at 2016-01-14 14:04:45 -0500


Started GET "/assets/turbolinks.self-c37727e9bd6b2735da5c311aa83fead54ed0be6cc8bd9a65309e9c5abe2cbfff.js?body=1" for ::1 at 2016-01-14 14:04:45 -0500


Started GET "/assets/rooms.self-877aef30ae1b040ab8a3aba4e3e309a11d7f2612f44dde450b5c157aa5f95c05.js?body=1" for ::1 at 2016-01-14 14:04:45 -0500


Started GET "/assets/application.self-f98a0dd27ad1c55b2b9cfe97296d4887e5d4a4535b3bbbf9130c1050771738b2.js?body=1" for ::1 at 2016-01-14 14:04:45 -0500


Started POST "/rooms" for ::1 at 2016-01-14 14:07:14 -0500
Processing by RoomsController#create as HTML
  Parameters: {"utf8"=>"✓", "authenticity_token"=>"opGDjFSQcFdNXxqGiHEuRvNpGItgs8qLB8HLbadB1ipom/yeZ+JFPjK50KdlY8W6+5gr0ZJdhzSdSM5UwNlo3w==", "room"=>{"title"=>"", "description"=>"", "beds"=>"", "guests"=>"", "image_url"=>""}, "commit"=>"Crear Habitación"}
  [1m[35m (0.0ms)[0m  begin transaction
  [1m[36m (0.0ms)[0m  [1mrollback transaction[0m
  Rendered rooms/_form.html.erb (3.0ms)
  Rendered rooms/new.html.erb within layouts/application (5.0ms)
Completed 200 OK in 270ms (Views: 249.0ms | ActiveRecord: 1.0ms)


Started GET "/assets/application.self-b4944bc713689a95e39dce2979724151960ca12c77045dee7733d6e316f3b6cc.css?body=1" for ::1 at 2016-01-14 14:07:15 -0500


Started GET "/assets/bootstrap/alert.self-15ce09eba576e56db3edfd87accc0ff48823df915169e350b4fd97290f96aee1.js?body=1" for ::1 at 2016-01-14 14:07:15 -0500


Started GET "/assets/bootstrap/affix.self-68d1a5161d04ca9fe1b9d9f4114d9426c7798bf90f2703a97aca35c8113469bb.js?body=1" for ::1 at 2016-01-14 14:07:15 -0500


Started GET "/assets/jquery.self-d03a5518f45df77341bdbe6201ba3bfa547ebba8ed64f0ea56bfa5f96ea7c074.js?body=1" for ::1 at 2016-01-14 14:07:15 -0500


Started GET "/assets/bootstrap/button.self-37c62bff1d75f86f3348b8679873d5156d8b9938b62841038dca21690f4740f1.js?body=1" for ::1 at 2016-01-14 14:07:15 -0500


Started GET "/assets/jquery_ujs.self-8e98a7a072a6cee1372d19fff9ff3e6aa1e39a37d89d6f06861637d061113ee7.js?body=1" for ::1 at 2016-01-14 14:07:15 -0500


Started GET "/assets/bootstrap/carousel.self-9aaab1a477b9c1156bab751cb8da47f77dace6da88eef8ae830e60f3cff3a8be.js?body=1" for ::1 at 2016-01-14 14:07:15 -0500


Started GET "/assets/bootstrap/collapse.self-eeece00cd06a3d7cc071ab7845b549d4991edd0f0895e4be70fe40bac2fb5f4b.js?body=1" for ::1 at 2016-01-14 14:07:15 -0500


Started GET "/assets/bootstrap/dropdown.self-a3998e7ca949c04cb86b5c635deb0abcc7a24dc02e81be66b8acfef02d811e45.js?body=1" for ::1 at 2016-01-14 14:07:15 -0500


Started GET "/assets/bootstrap/modal.self-f2759e138605770e60526c00c6d86cbb3378da203641f9d6b204c9f0192b9267.js?body=1" for ::1 at 2016-01-14 14:07:15 -0500


Started GET "/assets/bootstrap/scrollspy.self-5ea180afe4404f83fc97d997833f2edefd34475b0b5ddab310e27abc2bbd5f2f.js?body=1" for ::1 at 2016-01-14 14:07:15 -0500


Started GET "/assets/bootstrap/tab.self-e1bba7115c90301056ee94c4716de2fcbe4498015def2dab9ff9879f339bd245.js?body=1" for ::1 at 2016-01-14 14:07:15 -0500


Started GET "/assets/bootstrap/transition.self-7742dca5e6acf313fbb217811b48468282cddf1a9baea5c89ec92e367ef242cb.js?body=1" for ::1 at 2016-01-14 14:07:15 -0500


Started GET "/assets/bootstrap/popover.self-2674d99c3ab0415dba0b958a80b3840f70ff6368b155d890306c0291be49453b.js?body=1" for ::1 at 2016-01-14 14:07:15 -0500


Started GET "/assets/bootstrap/tooltip.self-c3b5c16f394ab9c0391db4431aac4f2d2ddf1bba4c5d3228ed343de05ecc8e83.js?body=1" for ::1 at 2016-01-14 14:07:15 -0500


Started GET "/assets/bootstrap-sprockets.self-fbfa5ad7d9aa0afe439ec4ff3883acc4cb92b62cb67c40d674320c9aa1d4642d.js?body=1" for ::1 at 2016-01-14 14:07:15 -0500


Started GET "/assets/turbolinks.self-c37727e9bd6b2735da5c311aa83fead54ed0be6cc8bd9a65309e9c5abe2cbfff.js?body=1" for ::1 at 2016-01-14 14:07:15 -0500


Started GET "/assets/rooms.self-877aef30ae1b040ab8a3aba4e3e309a11d7f2612f44dde450b5c157aa5f95c05.js?body=1" for ::1 at 2016-01-14 14:07:15 -0500


Started GET "/assets/application.self-f98a0dd27ad1c55b2b9cfe97296d4887e5d4a4535b3bbbf9130c1050771738b2.js?body=1" for ::1 at 2016-01-14 14:07:15 -0500


Started POST "/rooms" for ::1 at 2016-01-14 14:07:39 -0500
Processing by RoomsController#create as HTML
  Parameters: {"utf8"=>"✓", "authenticity_token"=>"opGDjFSQcFdNXxqGiHEuRvNpGItgs8qLB8HLbadB1ipom/yeZ+JFPjK50KdlY8W6+5gr0ZJdhzSdSM5UwNlo3w==", "room"=>{"title"=>"", "description"=>"", "beds"=>"", "guests"=>"", "image_url"=>""}, "commit"=>"Crear Habitación"}
  [1m[35m (0.0ms)[0m  begin transaction
  [1m[36m (0.0ms)[0m  [1mrollback transaction[0m
  Rendered rooms/_form.html.erb (4.0ms)
  Rendered rooms/new.html.erb within layouts/application (5.0ms)
Completed 200 OK in 250ms (Views: 232.0ms | ActiveRecord: 0.0ms)


Started GET "/assets/jquery.self-d03a5518f45df77341bdbe6201ba3bfa547ebba8ed64f0ea56bfa5f96ea7c074.js?body=1" for ::1 at 2016-01-14 14:07:40 -0500


Started GET "/assets/bootstrap/affix.self-68d1a5161d04ca9fe1b9d9f4114d9426c7798bf90f2703a97aca35c8113469bb.js?body=1" for ::1 at 2016-01-14 14:07:40 -0500


Started GET "/assets/jquery_ujs.self-8e98a7a072a6cee1372d19fff9ff3e6aa1e39a37d89d6f06861637d061113ee7.js?body=1" for ::1 at 2016-01-14 14:07:40 -0500


Started GET "/assets/bootstrap/alert.self-15ce09eba576e56db3edfd87accc0ff48823df915169e350b4fd97290f96aee1.js?body=1" for ::1 at 2016-01-14 14:07:40 -0500


Started GET "/assets/bootstrap/button.self-37c62bff1d75f86f3348b8679873d5156d8b9938b62841038dca21690f4740f1.js?body=1" for ::1 at 2016-01-14 14:07:40 -0500


Started GET "/assets/application.self-b4944bc713689a95e39dce2979724151960ca12c77045dee7733d6e316f3b6cc.css?body=1" for ::1 at 2016-01-14 14:07:40 -0500


Started GET "/assets/bootstrap/carousel.self-9aaab1a477b9c1156bab751cb8da47f77dace6da88eef8ae830e60f3cff3a8be.js?body=1" for ::1 at 2016-01-14 14:07:40 -0500


Started GET "/assets/bootstrap/collapse.self-eeece00cd06a3d7cc071ab7845b549d4991edd0f0895e4be70fe40bac2fb5f4b.js?body=1" for ::1 at 2016-01-14 14:07:40 -0500


Started GET "/assets/bootstrap/dropdown.self-a3998e7ca949c04cb86b5c635deb0abcc7a24dc02e81be66b8acfef02d811e45.js?body=1" for ::1 at 2016-01-14 14:07:40 -0500


Started GET "/assets/bootstrap/modal.self-f2759e138605770e60526c00c6d86cbb3378da203641f9d6b204c9f0192b9267.js?body=1" for ::1 at 2016-01-14 14:07:40 -0500


Started GET "/assets/bootstrap/scrollspy.self-5ea180afe4404f83fc97d997833f2edefd34475b0b5ddab310e27abc2bbd5f2f.js?body=1" for ::1 at 2016-01-14 14:07:40 -0500


Started GET "/assets/bootstrap/tab.self-e1bba7115c90301056ee94c4716de2fcbe4498015def2dab9ff9879f339bd245.js?body=1" for ::1 at 2016-01-14 14:07:40 -0500


Started GET "/assets/bootstrap/transition.self-7742dca5e6acf313fbb217811b48468282cddf1a9baea5c89ec92e367ef242cb.js?body=1" for ::1 at 2016-01-14 14:07:40 -0500


Started GET "/assets/bootstrap/tooltip.self-c3b5c16f394ab9c0391db4431aac4f2d2ddf1bba4c5d3228ed343de05ecc8e83.js?body=1" for ::1 at 2016-01-14 14:07:40 -0500


Started GET "/assets/bootstrap/popover.self-2674d99c3ab0415dba0b958a80b3840f70ff6368b155d890306c0291be49453b.js?body=1" for ::1 at 2016-01-14 14:07:40 -0500


Started GET "/assets/bootstrap-sprockets.self-fbfa5ad7d9aa0afe439ec4ff3883acc4cb92b62cb67c40d674320c9aa1d4642d.js?body=1" for ::1 at 2016-01-14 14:07:40 -0500


Started GET "/assets/turbolinks.self-c37727e9bd6b2735da5c311aa83fead54ed0be6cc8bd9a65309e9c5abe2cbfff.js?body=1" for ::1 at 2016-01-14 14:07:40 -0500


Started GET "/assets/rooms.self-877aef30ae1b040ab8a3aba4e3e309a11d7f2612f44dde450b5c157aa5f95c05.js?body=1" for ::1 at 2016-01-14 14:07:40 -0500


Started GET "/assets/application.self-f98a0dd27ad1c55b2b9cfe97296d4887e5d4a4535b3bbbf9130c1050771738b2.js?body=1" for ::1 at 2016-01-14 14:07:40 -0500
